<?xml version="1.0" encoding="UTF-8"?>
<!-- Generated by org.testng.reporters.JUnitReportReporter -->
<testsuite hostname="DESKTOP-BIN9I7B" failures="0" tests="2" name="com.Guru99.qa.Pagestest.LoginPageTest" time="28.513" errors="0" timestamp="2022-02-10T15:36:12 IST" skipped="0">
  <testcase classname="com.Guru99.qa.Pagestest.LoginPageTest" name="loginTest" time="17.880"/>
  <system-out/>
  <testcase classname="com.Guru99.qa.Pagestest.LoginPageTest" name="TitleBeforeLogon" time="10.633"/>
  <system-out/>
</testsuite> <!-- com.Guru99.qa.Pagestest.LoginPageTest -->
